Command line:
   tb_memprog_isim_beh.exe
     -simmode  gui
     -simrunnum  0
     -socket  50849

Mon Jun 11 03:30:44 2018


 Elaboration Time: 0.078125 sec

 Current Memory Usage: 909.84 Meg

 Total Signals          : 5
 Total Nets             : 25635
 Total Signal Drivers   : 7
 Total Blocks           : 7
 Total Primitive Blocks : 6
 Total Processes        : 7
 Total Traceable Variables  : 15
 Total Scalar Nets and Variables : 26536
Total Line Count : 47

 Total Simulation Time: 0.109375 sec

 Current Memory Usage: 909.84 Meg

Mon Jun 11 03:30:53 2018

